-------------------------------------------------------------------------------
Test set: com.app.UserReg.UserRegistrationApplicationTests
-------------------------------------------------------------------------------
Tests run: 1, Failures: 0, Errors: 1, Skipped: 0, Time elapsed: 6.678 s <<< FAILURE! - in com.app.UserReg.UserRegistrationApplicationTests
contextLoads  Time elapsed: 0.002 s  <<< ERROR!
java.lang.IllegalStateException: Failed to load ApplicationContext
Caused by: org.springframework.beans.factory.UnsatisfiedDependencyException: Error creating bean with name 'userService': Unsatisfied dependency expressed through field 'repo'; nested exception is org.springframework.beans.factory.BeanCreationException: Error creating bean with name 'userRipository' defined in com.app.UserReg.Repository.UserRipository defined in @EnableJpaRepositories declared on JpaRepositoriesRegistrar.EnableJpaRepositoriesConfiguration: Invocation of init method failed; nested exception is org.springframework.data.repository.query.QueryCreationException: Could not create query for public abstract com.app.UserReg.Model.User com.app.UserReg.Repository.UserRipository.findByEmailId(java.lang.String)! Reason: Failed to create query for method public abstract com.app.UserReg.Model.User com.app.UserReg.Repository.UserRipository.findByEmailId(java.lang.String)! No property id found for type String! Traversed path: User.email.; nested exception is java.lang.IllegalArgumentException: Failed to create query for method public abstract com.app.UserReg.Model.User com.app.UserReg.Repository.UserRipository.findByEmailId(java.lang.String)! No property id found for type String! Traversed path: User.email.
Caused by: org.springframework.beans.factory.BeanCreationException: Error creating bean with name 'userRipository' defined in com.app.UserReg.Repository.UserRipository defined in @EnableJpaRepositories declared on JpaRepositoriesRegistrar.EnableJpaRepositoriesConfiguration: Invocation of init method failed; nested exception is org.springframework.data.repository.query.QueryCreationException: Could not create query for public abstract com.app.UserReg.Model.User com.app.UserReg.Repository.UserRipository.findByEmailId(java.lang.String)! Reason: Failed to create query for method public abstract com.app.UserReg.Model.User com.app.UserReg.Repository.UserRipository.findByEmailId(java.lang.String)! No property id found for type String! Traversed path: User.email.; nested exception is java.lang.IllegalArgumentException: Failed to create query for method public abstract com.app.UserReg.Model.User com.app.UserReg.Repository.UserRipository.findByEmailId(java.lang.String)! No property id found for type String! Traversed path: User.email.
Caused by: org.springframework.data.repository.query.QueryCreationException: Could not create query for public abstract com.app.UserReg.Model.User com.app.UserReg.Repository.UserRipository.findByEmailId(java.lang.String)! Reason: Failed to create query for method public abstract com.app.UserReg.Model.User com.app.UserReg.Repository.UserRipository.findByEmailId(java.lang.String)! No property id found for type String! Traversed path: User.email.; nested exception is java.lang.IllegalArgumentException: Failed to create query for method public abstract com.app.UserReg.Model.User com.app.UserReg.Repository.UserRipository.findByEmailId(java.lang.String)! No property id found for type String! Traversed path: User.email.
Caused by: java.lang.IllegalArgumentException: Failed to create query for method public abstract com.app.UserReg.Model.User com.app.UserReg.Repository.UserRipository.findByEmailId(java.lang.String)! No property id found for type String! Traversed path: User.email.
Caused by: org.springframework.data.mapping.PropertyReferenceException: No property id found for type String! Traversed path: User.email.

